<?xml version="1.0" encoding="UTF-8"?>
<testsuite xmlns:xsi="http://www.w3.org/2001/XMLSchema-instance" xsi:noNamespaceSchemaLocation="https://maven.apache.org/surefire/maven-surefire-plugin/xsd/surefire-test-report-3.0.xsd" version="3.0" name="flc.FLCTest" time="0.64" tests="5" errors="0" skipped="0" failures="0">
  <properties>
[...]
</properties>
  <testcase name="testAttendLessonAndReview" classname="flc.FLCTest" time="0.288">
    <system-out><![CDATA[  [ERROR] Booking status is 'attended'. Cannot attend.
]]></system-out>
  </testcase>
  <testcase name="testChangeBooking" classname="flc.FLCTest" time="0.033"/>
  <testcase name="testNoDuplicateBooking" classname="flc.FLCTest" time="0.022">
    <system-out><![CDATA[  [ERROR] You already have a booking for this lesson.
]]></system-out>
  </testcase>
  <testcase name="testLessonCapacityEnforcement" classname="flc.FLCTest" time="0.011">
    <system-out><![CDATA[  [ERROR] This lesson is fully booked (capacity: 4).
]]></system-out>
  </testcase>
  <testcase name="testMemberHasBookingFor" classname="flc.FLCTest" time="0.009"/>
</testsuite>